<?xml version="1.0" encoding="utf-8"?><testsuites name="pytest tests"><testsuite name="pytest" errors="0" failures="0" skipped="0" tests="15" time="2.669" timestamp="2026-07-04T09:33:20.858194+00:00" hostname="agent-env-4ca9ced5-f6bf-4287-803c-ad44cc2e486b"><testcase classname="tests.backend_test.TestAuth" name="test_login_success" time="0.452" /><testcase classname="tests.backend_test.TestBlog" name="test_create_without_token" time="0.155" /><testcase classname="tests.backend_test.TestAuth" name="test_login_wrong_password" time="0.416" /><testcase classname="tests.backend_test.TestBlog" name="test_create_with_token" time="0.714" /><testcase classname="tests.backend_test.TestBlog" name="test_list_contains_created" time="0.043" /><testcase classname="tests.backend_test.TestBlog" name="test_get_by_slug" time="0.224" /><testcase classname="tests.backend_test.TestAuth" name="test_me_with_token" time="0.320" /><testcase classname="tests.backend_test.TestBlog" name="test_update" time="0.047" /><testcase classname="tests.backend_test.TestBlog" name="test_delete" time="0.166" /><testcase classname="tests.backend_test.TestAuth" name="test_me_without_token" time="0.141" /><testcase classname="tests.backend_test.TestContact" name="test_contact_success" time="0.433" /><testcase classname="tests.backend_test.TestHealth" name="test_health" time="0.079" /><testcase classname="tests.backend_test.TestContact" name="test_contact_missing_fields" time="0.050" /><testcase classname="tests.backend_test.TestContact" name="test_submissions_requires_admin" time="0.125" /><testcase classname="tests.backend_test.TestContact" name="test_submissions_admin_lists" time="0.051" /></testsuite></testsuites>